<?xml version="1.0" encoding="UTF-8"?>
<!-- Generated by org.testng.reporters.JUnitReportReporter -->
<testsuite hostname="DESKTOP-SIQLR8B" failures="0" tests="1" name="com.kelter.contacts.contactsTesting" time="16.575" errors="0" timestamp="2021-09-08T12:56:56 IST" skipped="0">
  <testcase classname="com.kelter.contacts.contactsTesting" name="Contacts" time="16.575"/>
  <system-out/>
</testsuite> <!-- com.kelter.contacts.contactsTesting -->
